# JRE version: Java(TM) SE Runtime Environment 18.9 (11.0.15.1+2) (build 11.0.15.1+2-LTS-10)
# Java VM: Java HotSpot(TM) 64-Bit Server VM 18.9 (11.0.15.1+2-LTS-10, mixed mode, tiered, compressed oops, g1 gc, windows-amd64)
Heap:
 garbage-first heap   total 92160K, used 19074K [0x00000000a6800000, 0x0000000100000000)
  region size 1024K, 9 young (9216K), 3 survivors (3072K)
 Metaspace       used 17765K, capacity 18530K, committed 18688K, reserved 1064960K
  class space    used 1972K, capacity 2297K, committed 2304K, reserved 1048576K
GC Heap History (6 events):
Event: 0.959 GC heap before
{Heap before GC invocations=0 (full 0):
 garbage-first heap   total 92160K, used 13312K [0x00000000a6800000, 0x0000000100000000)
  region size 1024K, 14 young (14336K), 0 survivors (0K)
 Metaspace       used 7063K, capacity 7204K, committed 7424K, reserved 1056768K
  class space    used 629K, capacity 678K, committed 768K, reserved 1048576K
}
Event: 0.969 GC heap after
{Heap after GC invocations=1 (full 0):
 garbage-first heap   total 92160K, used 8536K [0x00000000a6800000, 0x0000000100000000)
  region size 1024K, 2 young (2048K), 2 survivors (2048K)
 Metaspace       used 7063K, capacity 7204K, committed 7424K, reserved 1056768K
  class space    used 629K, capacity 678K, committed 768K, reserved 1048576K
}
Event: 1.257 GC heap before
{Heap before GC invocations=1 (full 0):
 garbage-first heap   total 92160K, used 14680K [0x00000000a6800000, 0x0000000100000000)
  region size 1024K, 8 young (8192K), 2 survivors (2048K)
 Metaspace       used 9040K, capacity 9181K, committed 9472K, reserved 1058816K
  class space    used 854K, capacity 919K, committed 1024K, reserved 1048576K
}
Event: 1.267 GC heap after
{Heap after GC invocations=2 (full 0):
 garbage-first heap   total 92160K, used 11788K [0x00000000a6800000, 0x0000000100000000)
  region size 1024K, 1 young (1024K), 1 survivors (1024K)
 Metaspace       used 9040K, capacity 9181K, committed 9472K, reserved 1058816K
  class space    used 854K, capacity 919K, committed 1024K, reserved 1048576K
}
Event: 3.585 GC heap before
{Heap before GC invocations=2 (full 0):
 garbage-first heap   total 92160K, used 28172K [0x00000000a6800000, 0x0000000100000000)
  region size 1024K, 17 young (17408K), 1 survivors (1024K)
 Metaspace       used 15876K, capacity 16382K, committed 16512K, reserved 1064960K
  class space    used 1694K, capacity 1911K, committed 1920K, reserved 1048576K
}
Event: 3.595 GC heap after
{Heap after GC invocations=3 (full 0):
 garbage-first heap   total 92160K, used 13954K [0x00000000a6800000, 0x0000000100000000)
  region size 1024K, 3 young (3072K), 3 survivors (3072K)
 Metaspace       used 15876K, capacity 16382K, committed 16512K, reserved 1064960K
  class space    used 1694K, capacity 1911K, committed 1920K, reserved 1048576K
}

